<?xml version="1.0" encoding="UTF-8"?>
<testsuite xmlns:xsi="http://www.w3.org/2001/XMLSchema-instance" xsi:noNamespaceSchemaLocation="https://maven.apache.org/surefire/maven-surefire-plugin/xsd/surefire-test-report.xsd" name="com.fawvw.PleePlatformSpringbootV01ApplicationTests" time="11.599" tests="1" errors="0" skipped="0" failures="0">
  <properties>
    <property name="sun.desktop" value="windows"/>
    <property name="awt.toolkit" value="sun.awt.windows.WToolkit"/>
    <property name="file.encoding.pkg" value="sun.io"/>
    <property name="java.specification.version" value="1.8"/>
    <property name="sun.cpu.isalist" value="amd64"/>
    <property name="sun.jnu.encoding" value="GBK"/>
    <property name="java.class.path" value="D:\Java_Workspace\plee_platform_springboot_v01\target\test-classes;D:\Java_Workspace\plee_platform_springboot_v01\target\classes;D:\Maven\maven_respository\org\springframework\boot\spring-boot-starter-jdbc\2.5.2\spring-boot-starter-jdbc-2.5.2.jar;D:\Maven\maven_respository\org\springframework\boot\spring-boot-starter\2.5.2\spring-boot-starter-2.5.2.jar;D:\Maven\maven_respository\org\springframework\boot\spring-boot\2.5.2\spring-boot-2.5.2.jar;D:\Maven\maven_respository\org\springframework\boot\spring-boot-starter-logging\2.5.2\spring-boot-starter-logging-2.5.2.jar;D:\Maven\maven_respository\ch\qos\logback\logback-classic\1.2.3\logback-classic-1.2.3.jar;D:\Maven\maven_respository\ch\qos\logback\logback-core\1.2.3\logback-core-1.2.3.jar;D:\Maven\maven_respository\org\apache\logging\log4j\log4j-to-slf4j\2.14.1\log4j-to-slf4j-2.14.1.jar;D:\Maven\maven_respository\org\apache\logging\log4j\log4j-api\2.14.1\log4j-api-2.14.1.jar;D:\Maven\maven_respository\org\slf4j\jul-to-slf4j\1.7.31\jul-to-slf4j-1.7.31.jar;D:\Maven\maven_respository\jakarta\annotation\jakarta.annotation-api\1.3.5\jakarta.annotation-api-1.3.5.jar;D:\Maven\maven_respository\org\yaml\snakeyaml\1.28\snakeyaml-1.28.jar;D:\Maven\maven_respository\com\zaxxer\HikariCP\4.0.3\HikariCP-4.0.3.jar;D:\Maven\maven_respository\org\springframework\spring-jdbc\5.3.8\spring-jdbc-5.3.8.jar;D:\Maven\maven_respository\org\springframework\spring-beans\5.3.8\spring-beans-5.3.8.jar;D:\Maven\maven_respository\org\springframework\spring-tx\5.3.8\spring-tx-5.3.8.jar;D:\Maven\maven_respository\org\springframework\boot\spring-boot-starter-web\2.5.2\spring-boot-starter-web-2.5.2.jar;D:\Maven\maven_respository\org\springframework\boot\spring-boot-starter-json\2.5.2\spring-boot-starter-json-2.5.2.jar;D:\Maven\maven_respository\com\fasterxml\jackson\datatype\jackson-datatype-jdk8\2.12.3\jackson-datatype-jdk8-2.12.3.jar;D:\Maven\maven_respository\com\fasterxml\jackson\datatype\jackson-datatype-jsr310\2.12.3\jackson-datatype-jsr310-2.12.3.jar;D:\Maven\maven_respository\com\fasterxml\jackson\module\jackson-module-parameter-names\2.12.3\jackson-module-parameter-names-2.12.3.jar;D:\Maven\maven_respository\org\springframework\boot\spring-boot-starter-tomcat\2.5.2\spring-boot-starter-tomcat-2.5.2.jar;D:\Maven\maven_respository\org\apache\tomcat\embed\tomcat-embed-core\9.0.48\tomcat-embed-core-9.0.48.jar;D:\Maven\maven_respository\org\apache\tomcat\embed\tomcat-embed-el\9.0.48\tomcat-embed-el-9.0.48.jar;D:\Maven\maven_respository\org\apache\tomcat\embed\tomcat-embed-websocket\9.0.48\tomcat-embed-websocket-9.0.48.jar;D:\Maven\maven_respository\org\springframework\spring-web\5.3.8\spring-web-5.3.8.jar;D:\Maven\maven_respository\org\springframework\spring-webmvc\5.3.8\spring-webmvc-5.3.8.jar;D:\Maven\maven_respository\org\springframework\spring-aop\5.3.8\spring-aop-5.3.8.jar;D:\Maven\maven_respository\org\springframework\spring-context\5.3.8\spring-context-5.3.8.jar;D:\Maven\maven_respository\org\springframework\spring-expression\5.3.8\spring-expression-5.3.8.jar;D:\Maven\maven_respository\mysql\mysql-connector-java\8.0.25\mysql-connector-java-8.0.25.jar;D:\Maven\maven_respository\org\projectlombok\lombok\1.18.20\lombok-1.18.20.jar;D:\Maven\maven_respository\org\springframework\boot\spring-boot-starter-test\2.5.2\spring-boot-starter-test-2.5.2.jar;D:\Maven\maven_respository\org\springframework\boot\spring-boot-test\2.5.2\spring-boot-test-2.5.2.jar;D:\Maven\maven_respository\org\springframework\boot\spring-boot-test-autoconfigure\2.5.2\spring-boot-test-autoconfigure-2.5.2.jar;D:\Maven\maven_respository\com\jayway\jsonpath\json-path\2.5.0\json-path-2.5.0.jar;D:\Maven\maven_respository\net\minidev\json-smart\2.4.7\json-smart-2.4.7.jar;D:\Maven\maven_respository\net\minidev\accessors-smart\2.4.7\accessors-smart-2.4.7.jar;D:\Maven\maven_respository\org\ow2\asm\asm\9.1\asm-9.1.jar;D:\Maven\maven_respository\jakarta\xml\bind\jakarta.xml.bind-api\2.3.3\jakarta.xml.bind-api-2.3.3.jar;D:\Maven\maven_respository\jakarta\activation\jakarta.activation-api\1.2.2\jakarta.activation-api-1.2.2.jar;D:\Maven\maven_respository\org\assertj\assertj-core\3.19.0\assertj-core-3.19.0.jar;D:\Maven\maven_respository\org\hamcrest\hamcrest\2.2\hamcrest-2.2.jar;D:\Maven\maven_respository\org\junit\jupiter\junit-jupiter\5.7.2\junit-jupiter-5.7.2.jar;D:\Maven\maven_respository\org\junit\jupiter\junit-jupiter-api\5.7.2\junit-jupiter-api-5.7.2.jar;D:\Maven\maven_respository\org\apiguardian\apiguardian-api\1.1.0\apiguardian-api-1.1.0.jar;D:\Maven\maven_respository\org\opentest4j\opentest4j\1.2.0\opentest4j-1.2.0.jar;D:\Maven\maven_respository\org\junit\platform\junit-platform-commons\1.7.2\junit-platform-commons-1.7.2.jar;D:\Maven\maven_respository\org\junit\jupiter\junit-jupiter-params\5.7.2\junit-jupiter-params-5.7.2.jar;D:\Maven\maven_respository\org\junit\jupiter\junit-jupiter-engine\5.7.2\junit-jupiter-engine-5.7.2.jar;D:\Maven\maven_respository\org\junit\platform\junit-platform-engine\1.7.2\junit-platform-engine-1.7.2.jar;D:\Maven\maven_respository\org\mockito\mockito-core\3.9.0\mockito-core-3.9.0.jar;D:\Maven\maven_respository\net\bytebuddy\byte-buddy\1.10.22\byte-buddy-1.10.22.jar;D:\Maven\maven_respository\net\bytebuddy\byte-buddy-agent\1.10.22\byte-buddy-agent-1.10.22.jar;D:\Maven\maven_respository\org\objenesis\objenesis\3.2\objenesis-3.2.jar;D:\Maven\maven_respository\org\mockito\mockito-junit-jupiter\3.9.0\mockito-junit-jupiter-3.9.0.jar;D:\Maven\maven_respository\org\skyscreamer\jsonassert\1.5.0\jsonassert-1.5.0.jar;D:\Maven\maven_respository\com\vaadin\external\google\android-json\0.0.20131108.vaadin1\android-json-0.0.20131108.vaadin1.jar;D:\Maven\maven_respository\org\springframework\spring-core\5.3.8\spring-core-5.3.8.jar;D:\Maven\maven_respository\org\springframework\spring-jcl\5.3.8\spring-jcl-5.3.8.jar;D:\Maven\maven_respository\org\springframework\spring-test\5.3.8\spring-test-5.3.8.jar;D:\Maven\maven_respository\org\xmlunit\xmlunit-core\2.8.2\xmlunit-core-2.8.2.jar;D:\Maven\maven_respository\org\mybatis\spring\boot\mybatis-spring-boot-starter\2.1.3\mybatis-spring-boot-starter-2.1.3.jar;D:\Maven\maven_respository\org\mybatis\spring\boot\mybatis-spring-boot-autoconfigure\2.1.3\mybatis-spring-boot-autoconfigure-2.1.3.jar;D:\Maven\maven_respository\org\mybatis\mybatis\3.5.5\mybatis-3.5.5.jar;D:\Maven\maven_respository\org\mybatis\mybatis-spring\2.0.5\mybatis-spring-2.0.5.jar;D:\Maven\maven_respository\org\springframework\boot\spring-boot-starter-data-redis\2.5.0\spring-boot-starter-data-redis-2.5.0.jar;D:\Maven\maven_respository\org\springframework\data\spring-data-redis\2.5.2\spring-data-redis-2.5.2.jar;D:\Maven\maven_respository\org\springframework\data\spring-data-keyvalue\2.5.2\spring-data-keyvalue-2.5.2.jar;D:\Maven\maven_respository\org\springframework\data\spring-data-commons\2.5.2\spring-data-commons-2.5.2.jar;D:\Maven\maven_respository\org\springframework\spring-oxm\5.3.8\spring-oxm-5.3.8.jar;D:\Maven\maven_respository\org\springframework\spring-context-support\5.3.8\spring-context-support-5.3.8.jar;D:\Maven\maven_respository\io\lettuce\lettuce-core\6.1.3.RELEASE\lettuce-core-6.1.3.RELEASE.jar;D:\Maven\maven_respository\io\netty\netty-common\4.1.65.Final\netty-common-4.1.65.Final.jar;D:\Maven\maven_respository\io\netty\netty-handler\4.1.65.Final\netty-handler-4.1.65.Final.jar;D:\Maven\maven_respository\io\netty\netty-resolver\4.1.65.Final\netty-resolver-4.1.65.Final.jar;D:\Maven\maven_respository\io\netty\netty-buffer\4.1.65.Final\netty-buffer-4.1.65.Final.jar;D:\Maven\maven_respository\io\netty\netty-codec\4.1.65.Final\netty-codec-4.1.65.Final.jar;D:\Maven\maven_respository\io\netty\netty-transport\4.1.65.Final\netty-transport-4.1.65.Final.jar;D:\Maven\maven_respository\io\projectreactor\reactor-core\3.4.7\reactor-core-3.4.7.jar;D:\Maven\maven_respository\org\reactivestreams\reactive-streams\1.0.3\reactive-streams-1.0.3.jar;D:\Maven\maven_respository\com\fasterxml\jackson\core\jackson-core\2.12.3\jackson-core-2.12.3.jar;D:\Maven\maven_respository\com\fasterxml\jackson\core\jackson-databind\2.12.3\jackson-databind-2.12.3.jar;D:\Maven\maven_respository\com\fasterxml\jackson\core\jackson-annotations\2.12.3\jackson-annotations-2.12.3.jar;D:\Maven\maven_respository\com\alibaba\fastjson\1.2.47\fastjson-1.2.47.jar;D:\Maven\maven_respository\com\alibaba\druid\1.2.5\druid-1.2.5.jar;D:\Maven\maven_respository\com\alibaba\druid-spring-boot-starter\1.2.6\druid-spring-boot-starter-1.2.6.jar;D:\Maven\maven_respository\org\slf4j\slf4j-api\1.7.31\slf4j-api-1.7.31.jar;D:\Maven\maven_respository\org\springframework\boot\spring-boot-autoconfigure\2.5.2\spring-boot-autoconfigure-2.5.2.jar;"/>
    <property name="java.vm.vendor" value="Oracle Corporation"/>
    <property name="sun.arch.data.model" value="64"/>
    <property name="user.variant" value=""/>
    <property name="java.vendor.url" value="http://java.oracle.com/"/>
    <property name="user.timezone" value="Asia/Shanghai"/>
    <property name="java.vm.specification.version" value="1.8"/>
    <property name="os.name" value="Windows 7"/>
    <property name="user.country" value="CN"/>
    <property name="sun.java.launcher" value="SUN_STANDARD"/>
    <property name="sun.boot.library.path" value="C:\Program Files\Java\jdk1.8.0_181\jre\bin"/>
    <property name="sun.java.command" value="C:\Users\DONGYU~1.LIA\AppData\Local\Temp\surefire8545135136172877935\surefirebooter5607004625626860394.jar C:\Users\dongyu.liang\AppData\Local\Temp\surefire8545135136172877935 2021-07-08T12-48-58_087-jvmRun1 surefire4734545579166046943tmp surefire_01489729499170852539tmp"/>
    <property name="surefire.test.class.path" value="D:\Java_Workspace\plee_platform_springboot_v01\target\test-classes;D:\Java_Workspace\plee_platform_springboot_v01\target\classes;D:\Maven\maven_respository\org\springframework\boot\spring-boot-starter-jdbc\2.5.2\spring-boot-starter-jdbc-2.5.2.jar;D:\Maven\maven_respository\org\springframework\boot\spring-boot-starter\2.5.2\spring-boot-starter-2.5.2.jar;D:\Maven\maven_respository\org\springframework\boot\spring-boot\2.5.2\spring-boot-2.5.2.jar;D:\Maven\maven_respository\org\springframework\boot\spring-boot-starter-logging\2.5.2\spring-boot-starter-logging-2.5.2.jar;D:\Maven\maven_respository\ch\qos\logback\logback-classic\1.2.3\logback-classic-1.2.3.jar;D:\Maven\maven_respository\ch\qos\logback\logback-core\1.2.3\logback-core-1.2.3.jar;D:\Maven\maven_respository\org\apache\logging\log4j\log4j-to-slf4j\2.14.1\log4j-to-slf4j-2.14.1.jar;D:\Maven\maven_respository\org\apache\logging\log4j\log4j-api\2.14.1\log4j-api-2.14.1.jar;D:\Maven\maven_respository\org\slf4j\jul-to-slf4j\1.7.31\jul-to-slf4j-1.7.31.jar;D:\Maven\maven_respository\jakarta\annotation\jakarta.annotation-api\1.3.5\jakarta.annotation-api-1.3.5.jar;D:\Maven\maven_respository\org\yaml\snakeyaml\1.28\snakeyaml-1.28.jar;D:\Maven\maven_respository\com\zaxxer\HikariCP\4.0.3\HikariCP-4.0.3.jar;D:\Maven\maven_respository\org\springframework\spring-jdbc\5.3.8\spring-jdbc-5.3.8.jar;D:\Maven\maven_respository\org\springframework\spring-beans\5.3.8\spring-beans-5.3.8.jar;D:\Maven\maven_respository\org\springframework\spring-tx\5.3.8\spring-tx-5.3.8.jar;D:\Maven\maven_respository\org\springframework\boot\spring-boot-starter-web\2.5.2\spring-boot-starter-web-2.5.2.jar;D:\Maven\maven_respository\org\springframework\boot\spring-boot-starter-json\2.5.2\spring-boot-starter-json-2.5.2.jar;D:\Maven\maven_respository\com\fasterxml\jackson\datatype\jackson-datatype-jdk8\2.12.3\jackson-datatype-jdk8-2.12.3.jar;D:\Maven\maven_respository\com\fasterxml\jackson\datatype\jackson-datatype-jsr310\2.12.3\jackson-datatype-jsr310-2.12.3.jar;D:\Maven\maven_respository\com\fasterxml\jackson\module\jackson-module-parameter-names\2.12.3\jackson-module-parameter-names-2.12.3.jar;D:\Maven\maven_respository\org\springframework\boot\spring-boot-starter-tomcat\2.5.2\spring-boot-starter-tomcat-2.5.2.jar;D:\Maven\maven_respository\org\apache\tomcat\embed\tomcat-embed-core\9.0.48\tomcat-embed-core-9.0.48.jar;D:\Maven\maven_respository\org\apache\tomcat\embed\tomcat-embed-el\9.0.48\tomcat-embed-el-9.0.48.jar;D:\Maven\maven_respository\org\apache\tomcat\embed\tomcat-embed-websocket\9.0.48\tomcat-embed-websocket-9.0.48.jar;D:\Maven\maven_respository\org\springframework\spring-web\5.3.8\spring-web-5.3.8.jar;D:\Maven\maven_respository\org\springframework\spring-webmvc\5.3.8\spring-webmvc-5.3.8.jar;D:\Maven\maven_respository\org\springframework\spring-aop\5.3.8\spring-aop-5.3.8.jar;D:\Maven\maven_respository\org\springframework\spring-context\5.3.8\spring-context-5.3.8.jar;D:\Maven\maven_respository\org\springframework\spring-expression\5.3.8\spring-expression-5.3.8.jar;D:\Maven\maven_respository\mysql\mysql-connector-java\8.0.25\mysql-connector-java-8.0.25.jar;D:\Maven\maven_respository\org\projectlombok\lombok\1.18.20\lombok-1.18.20.jar;D:\Maven\maven_respository\org\springframework\boot\spring-boot-starter-test\2.5.2\spring-boot-starter-test-2.5.2.jar;D:\Maven\maven_respository\org\springframework\boot\spring-boot-test\2.5.2\spring-boot-test-2.5.2.jar;D:\Maven\maven_respository\org\springframework\boot\spring-boot-test-autoconfigure\2.5.2\spring-boot-test-autoconfigure-2.5.2.jar;D:\Maven\maven_respository\com\jayway\jsonpath\json-path\2.5.0\json-path-2.5.0.jar;D:\Maven\maven_respository\net\minidev\json-smart\2.4.7\json-smart-2.4.7.jar;D:\Maven\maven_respository\net\minidev\accessors-smart\2.4.7\accessors-smart-2.4.7.jar;D:\Maven\maven_respository\org\ow2\asm\asm\9.1\asm-9.1.jar;D:\Maven\maven_respository\jakarta\xml\bind\jakarta.xml.bind-api\2.3.3\jakarta.xml.bind-api-2.3.3.jar;D:\Maven\maven_respository\jakarta\activation\jakarta.activation-api\1.2.2\jakarta.activation-api-1.2.2.jar;D:\Maven\maven_respository\org\assertj\assertj-core\3.19.0\assertj-core-3.19.0.jar;D:\Maven\maven_respository\org\hamcrest\hamcrest\2.2\hamcrest-2.2.jar;D:\Maven\maven_respository\org\junit\jupiter\junit-jupiter\5.7.2\junit-jupiter-5.7.2.jar;D:\Maven\maven_respository\org\junit\jupiter\junit-jupiter-api\5.7.2\junit-jupiter-api-5.7.2.jar;D:\Maven\maven_respository\org\apiguardian\apiguardian-api\1.1.0\apiguardian-api-1.1.0.jar;D:\Maven\maven_respository\org\opentest4j\opentest4j\1.2.0\opentest4j-1.2.0.jar;D:\Maven\maven_respository\org\junit\platform\junit-platform-commons\1.7.2\junit-platform-commons-1.7.2.jar;D:\Maven\maven_respository\org\junit\jupiter\junit-jupiter-params\5.7.2\junit-jupiter-params-5.7.2.jar;D:\Maven\maven_respository\org\junit\jupiter\junit-jupiter-engine\5.7.2\junit-jupiter-engine-5.7.2.jar;D:\Maven\maven_respository\org\junit\platform\junit-platform-engine\1.7.2\junit-platform-engine-1.7.2.jar;D:\Maven\maven_respository\org\mockito\mockito-core\3.9.0\mockito-core-3.9.0.jar;D:\Maven\maven_respository\net\bytebuddy\byte-buddy\1.10.22\byte-buddy-1.10.22.jar;D:\Maven\maven_respository\net\bytebuddy\byte-buddy-agent\1.10.22\byte-buddy-agent-1.10.22.jar;D:\Maven\maven_respository\org\objenesis\objenesis\3.2\objenesis-3.2.jar;D:\Maven\maven_respository\org\mockito\mockito-junit-jupiter\3.9.0\mockito-junit-jupiter-3.9.0.jar;D:\Maven\maven_respository\org\skyscreamer\jsonassert\1.5.0\jsonassert-1.5.0.jar;D:\Maven\maven_respository\com\vaadin\external\google\android-json\0.0.20131108.vaadin1\android-json-0.0.20131108.vaadin1.jar;D:\Maven\maven_respository\org\springframework\spring-core\5.3.8\spring-core-5.3.8.jar;D:\Maven\maven_respository\org\springframework\spring-jcl\5.3.8\spring-jcl-5.3.8.jar;D:\Maven\maven_respository\org\springframework\spring-test\5.3.8\spring-test-5.3.8.jar;D:\Maven\maven_respository\org\xmlunit\xmlunit-core\2.8.2\xmlunit-core-2.8.2.jar;D:\Maven\maven_respository\org\mybatis\spring\boot\mybatis-spring-boot-starter\2.1.3\mybatis-spring-boot-starter-2.1.3.jar;D:\Maven\maven_respository\org\mybatis\spring\boot\mybatis-spring-boot-autoconfigure\2.1.3\mybatis-spring-boot-autoconfigure-2.1.3.jar;D:\Maven\maven_respository\org\mybatis\mybatis\3.5.5\mybatis-3.5.5.jar;D:\Maven\maven_respository\org\mybatis\mybatis-spring\2.0.5\mybatis-spring-2.0.5.jar;D:\Maven\maven_respository\org\springframework\boot\spring-boot-starter-data-redis\2.5.0\spring-boot-starter-data-redis-2.5.0.jar;D:\Maven\maven_respository\org\springframework\data\spring-data-redis\2.5.2\spring-data-redis-2.5.2.jar;D:\Maven\maven_respository\org\springframework\data\spring-data-keyvalue\2.5.2\spring-data-keyvalue-2.5.2.jar;D:\Maven\maven_respository\org\springframework\data\spring-data-commons\2.5.2\spring-data-commons-2.5.2.jar;D:\Maven\maven_respository\org\springframework\spring-oxm\5.3.8\spring-oxm-5.3.8.jar;D:\Maven\maven_respository\org\springframework\spring-context-support\5.3.8\spring-context-support-5.3.8.jar;D:\Maven\maven_respository\io\lettuce\lettuce-core\6.1.3.RELEASE\lettuce-core-6.1.3.RELEASE.jar;D:\Maven\maven_respository\io\netty\netty-common\4.1.65.Final\netty-common-4.1.65.Final.jar;D:\Maven\maven_respository\io\netty\netty-handler\4.1.65.Final\netty-handler-4.1.65.Final.jar;D:\Maven\maven_respository\io\netty\netty-resolver\4.1.65.Final\netty-resolver-4.1.65.Final.jar;D:\Maven\maven_respository\io\netty\netty-buffer\4.1.65.Final\netty-buffer-4.1.65.Final.jar;D:\Maven\maven_respository\io\netty\netty-codec\4.1.65.Final\netty-codec-4.1.65.Final.jar;D:\Maven\maven_respository\io\netty\netty-transport\4.1.65.Final\netty-transport-4.1.65.Final.jar;D:\Maven\maven_respository\io\projectreactor\reactor-core\3.4.7\reactor-core-3.4.7.jar;D:\Maven\maven_respository\org\reactivestreams\reactive-streams\1.0.3\reactive-streams-1.0.3.jar;D:\Maven\maven_respository\com\fasterxml\jackson\core\jackson-core\2.12.3\jackson-core-2.12.3.jar;D:\Maven\maven_respository\com\fasterxml\jackson\core\jackson-databind\2.12.3\jackson-databind-2.12.3.jar;D:\Maven\maven_respository\com\fasterxml\jackson\core\jackson-annotations\2.12.3\jackson-annotations-2.12.3.jar;D:\Maven\maven_respository\com\alibaba\fastjson\1.2.47\fastjson-1.2.47.jar;D:\Maven\maven_respository\com\alibaba\druid\1.2.5\druid-1.2.5.jar;D:\Maven\maven_respository\com\alibaba\druid-spring-boot-starter\1.2.6\druid-spring-boot-starter-1.2.6.jar;D:\Maven\maven_respository\org\slf4j\slf4j-api\1.7.31\slf4j-api-1.7.31.jar;D:\Maven\maven_respository\org\springframework\boot\spring-boot-autoconfigure\2.5.2\spring-boot-autoconfigure-2.5.2.jar;"/>
    <property name="sun.cpu.endian" value="little"/>
    <property name="user.home" value="C:\Users\dongyu.liang"/>
    <property name="user.language" value="zh"/>
    <property name="java.specification.vendor" value="Oracle Corporation"/>
    <property name="java.home" value="C:\Program Files\Java\jdk1.8.0_181\jre"/>
    <property name="basedir" value="D:\Java_Workspace\plee_platform_springboot_v01"/>
    <property name="file.separator" value="\"/>
    <property name="line.separator" value="&#10;"/>
    <property name="idea.version2019.2.3" value="true"/>
    <property name="java.vm.specification.vendor" value="Oracle Corporation"/>
    <property name="java.specification.name" value="Java Platform API Specification"/>
    <property name="java.awt.graphicsenv" value="sun.awt.Win32GraphicsEnvironment"/>
    <property name="surefire.real.class.path" value="C:\Users\DONGYU~1.LIA\AppData\Local\Temp\surefire8545135136172877935\surefirebooter5607004625626860394.jar"/>
    <property name="sun.boot.class.path" value="C:\Program Files\Java\jdk1.8.0_181\jre\lib\resources.jar;C:\Program Files\Java\jdk1.8.0_181\jre\lib\rt.jar;C:\Program Files\Java\jdk1.8.0_181\jre\lib\sunrsasign.jar;C:\Program Files\Java\jdk1.8.0_181\jre\lib\jsse.jar;C:\Program Files\Java\jdk1.8.0_181\jre\lib\jce.jar;C:\Program Files\Java\jdk1.8.0_181\jre\lib\charsets.jar;C:\Program Files\Java\jdk1.8.0_181\jre\lib\jfr.jar;C:\Program Files\Java\jdk1.8.0_181\jre\classes"/>
    <property name="user.script" value=""/>
    <property name="sun.management.compiler" value="HotSpot 64-Bit Tiered Compilers"/>
    <property name="java.runtime.version" value="1.8.0_181-b13"/>
    <property name="user.name" value="dongyu.liang"/>
    <property name="path.separator" value=";"/>
    <property name="os.version" value="6.1"/>
    <property name="java.endorsed.dirs" value="C:\Program Files\Java\jdk1.8.0_181\jre\lib\endorsed"/>
    <property name="java.runtime.name" value="Java(TM) SE Runtime Environment"/>
    <property name="file.encoding" value="GBK"/>
    <property name="java.vm.name" value="Java HotSpot(TM) 64-Bit Server VM"/>
    <property name="localRepository" value="D:\Maven\maven_respository"/>
    <property name="java.vendor.url.bug" value="http://bugreport.sun.com/bugreport/"/>
    <property name="java.io.tmpdir" value="C:\Users\DONGYU~1.LIA\AppData\Local\Temp\"/>
    <property name="java.version" value="1.8.0_181"/>
    <property name="user.dir" value="D:\Java_Workspace\plee_platform_springboot_v01"/>
    <property name="os.arch" value="amd64"/>
    <property name="java.vm.specification.name" value="Java Virtual Machine Specification"/>
    <property name="java.awt.printerjob" value="sun.awt.windows.WPrinterJob"/>
    <property name="sun.os.patch.level" value="Service Pack 1"/>
    <property name="java.library.path" value="C:\Program Files\Java\jdk1.8.0_181\jre\bin;C:\windows\Sun\Java\bin;C:\windows\system32;C:\windows;C:\Program Files\Common Files\Oracle\Java\javapath;C:\Program Files (x86)\Common Files\Oracle\Java\javapath;D:\Program Files\Java\jdk-15.0.1\\bin;D:\Program Files\Java\jdk-15.0.1\\jre\bin;C:\Program Files\MySQL\MySQL Server 8.0\bin;C:\windows\system32;D:\Program Files\Git\cmd;C:\Program Files\TortoiseGit\bin;D:\Program Files\nodejs\;MAVEN_HOME%\bin;D:\Maven\apache-maven-3.8.1-bin\apache-maven-3.8.1\bin;D:\Maven\apache-maven-3.8.1-bin\apache-maven-3.8.1\bin;D:\Maven\apache-maven-3.8.1-bin\apache-maven-3.8.1\bin;C:\Users\dongyu.liang\AppData\Local\Programs\Python\Python37\Scripts\;C:\Users\dongyu.liang\AppData\Local\Programs\Python\Python37\;C:\Users\dongyu.liang\AppData\Local\Continuum\anaconda3;C:\Users\dongyu.liang\AppData\Local\Continuum\anaconda3\Library\mingw-w64\bin;C:\Users\dongyu.liang\AppData\Local\Continuum\anaconda3\Library\usr\bin;C:\Users\dongyu.liang\AppData\Local\Continuum\anaconda3\Library\bin;C:\Users\dongyu.liang\AppData\Local\Continuum\anaconda3\Scripts;D:\Program Files\JetBrains\PyCharm Community Edition 2019.3.4\bin;;D:\Program Files\JetBrains\WebStorm 2019.3.3\bin;;D:\Program Files\nodejs\node_global;C:\Users\dongyu.liang\AppData\Roaming\npm;."/>
    <property name="java.vm.info" value="mixed mode"/>
    <property name="java.vendor" value="Oracle Corporation"/>
    <property name="java.vm.version" value="25.181-b13"/>
    <property name="java.ext.dirs" value="C:\Program Files\Java\jdk1.8.0_181\jre\lib\ext;C:\windows\Sun\Java\lib\ext"/>
    <property name="sun.io.unicode.encoding" value="UnicodeLittle"/>
    <property name="maven.repo.local" value="D:\Maven\maven_respository"/>
    <property name="java.class.version" value="52.0"/>
  </properties>
  <testcase name="contextLoads" classname="com.fawvw.PleePlatformSpringbootV01ApplicationTests" time="0.456"/>
</testsuite>